12:01:12.221 Running build in Washington, D.C., USA (East) – iad1
12:01:12.222 Build machine configuration: 2 cores, 8 GB
12:01:12.394 Cloning github.com/kdsmith10000/metalstats (Branch: main, Commit: 29f34d8)
12:01:12.615 Cloning completed: 221.000ms
12:01:13.700 Restored build cache from previous deployment (2zviRHpHeepcekaYVsYb9kcwNzKE)
12:01:13.961 Running "vercel build"
12:01:14.884 Vercel CLI 50.4.9
12:01:15.128 Installing dependencies...
12:01:16.530 
12:01:16.532 added 11 packages in 1s
12:01:16.532 
12:01:16.533 150 packages are looking for funding
12:01:16.533   run `npm fund` for details
12:01:16.558 Detected Next.js version: 16.1.4
12:01:16.563 Running "npm run build"
12:01:16.655 
12:01:16.655 > metals-dashboard@0.1.0 build
12:01:16.655 > next build
12:01:16.656 
12:01:17.607 ▲ Next.js 16.1.4 (Turbopack)
12:01:17.607 
12:01:17.615 ⚠ The "middleware" file convention is deprecated. Please use "proxy" instead. Learn more: https://nextjs.org/docs/messages/middleware-to-proxy
12:01:17.640   Creating an optimized production build ...
12:01:34.354 ✓ Compiled successfully in 16.2s
12:01:34.355   Running TypeScript ...
12:01:38.866 Failed to compile.
12:01:38.866 
12:01:38.866 ./components/DemandChart.tsx:335:13
12:01:38.866 Type error: Property 'todayContracts' does not exist on type '{ total2025: number; current2026: number; previous2025: number; label: string; previousLabel: string; } | { todayContracts: number; weekTotal: number; avgDaily: number; label: string; previousLabel: string; }'.
12:01:38.866   Property 'todayContracts' does not exist on type '{ total2025: number; current2026: number; previous2025: number; label: string; previousLabel: string; }'.
12:01:38.866 
12:01:38.867 [0m [90m 333 |[39m   [90m// Calculate change percentage[39m
12:01:38.867  [90m 334 |[39m   [36mconst[39m changeValue [33m=[39m isDaily 
12:01:38.867 [31m[1m>[22m[39m[90m 335 |[39m     [33m?[39m stats[33m.[39mtodayContracts [33m-[39m stats[33m.[39mavgDaily
12:01:38.867  [90m     |[39m             [31m[1m^[22m[39m
12:01:38.867  [90m 336 |[39m     [33m:[39m stats[33m.[39mcurrent2026 [33m-[39m stats[33m.[39mprevious2025[33m;[39m
12:01:38.870  [90m 337 |[39m   [36mconst[39m changePercent [33m=[39m isDaily
12:01:38.870  [90m 338 |[39m     [33m?[39m stats[33m.[39mavgDaily [33m>[39m [35m0[39m [33m?[39m ((stats[33m.[39mtodayContracts [33m-[39m stats[33m.[39mavgDaily) [33m/[39m stats[33m.[39mavgDaily [33m*[39m [35m100[39m)[33m.[39mtoFixed([35m0[39m) [33m:[39m [35m0[39m[0m
12:01:38.906 Next.js build worker exited with code: 1 and signal: null
12:01:38.950 Error: Command "npm run build" exited with 1